This is pdfTeX, Version 3.141592653-2.6-1.40.25 (TeX Live 2023/Debian) (preloaded format=pdflatex 2024.12.3)  15 SEP 2025 22:30
entering extended mode
 \write18 enabled.
 %&-line parsing enabled.
**"/media/gioelegiunta/ARCHIVIO/Documenti/Carriera Scolastica/UniCT/Tesi/Documenti/Latex/main"
(/media/gioelegiunta/ARCHIVIO/Documenti/Carriera Scolastica/UniCT/Tesi/Documenti/Latex/main.tex
LaTeX2e <2023-11-01> patch level 1
L3 programming layer <2024-01-22>
(/usr/share/texlive/texmf-dist/tex/latex/base/report.cls
Document Class: report 2023/05/17 v1.4n Standard LaTeX document class
(/usr/share/texlive/texmf-dist/tex/latex/base/size12.clo
File: size12.clo 2023/05/17 v1.4n Standard LaTeX file (size option)
)
\c@part=\count187
\c@chapter=\count188
\c@section=\count189
\c@subsection=\count190
\c@subsubsection=\count191
\c@paragraph=\count192
\c@subparagraph=\count193
\c@figure=\count194
\c@table=\count195
\abovecaptionskip=\skip48
\belowcaptionskip=\skip49
\bibindent=\dimen140
) (./settings.tex (/usr/share/texlive/texmf-dist/tex/latex/base/inputenc.sty
Package: inputenc 2021/02/14 v1.3d Input encoding file
\inpenc@prehook=\toks17
\inpenc@posthook=\toks18
) (/usr/share/texlive/texmf-dist/tex/latex/base/fontenc.sty
Package: fontenc 2021/04/29 v2.0v Standard LaTeX package
) (/usr/share/texlive/texmf-dist/tex/generic/babel/babel.sty
Package: babel 2024/01/07 v24.1 The Babel package
\babel@savecnt=\count196
\U@D=\dimen141
\l@unhyphenated=\language89
 (/usr/share/texlive/texmf-dist/tex/generic/babel/txtbabel.def)
\bbl@readstream=\read2
\bbl@dirlevel=\count197
 (/usr/share/texlive/texmf-dist/tex/generic/babel-italian/italian.ldf
Language: italian 2024/01/03 v.1.5.00 Italian support for the babel system
\it@lettering=\count198
\it@doublequoteactive=\count199
\it@ISOcompliance=\count266
)) (/usr/share/texlive/texmf-dist/tex/generic/babel/locale/it/babel-italian.tex
Package babel Info: Importing font and identification data for italian
(babel)             from babel-it.ini. Reported on input line 11.
) (/usr/share/texlive/texmf-dist/tex/latex/etoolbox/etoolbox.sty
Package: etoolbox 2020/10/05 v2.5k e-TeX tools for LaTeX (JAW)
\etb@tempcnta=\count267
) (/usr/share/texlive/texmf-dist/tex/latex/float/float.sty
Package: float 2001/11/08 v1.3d Float enhancements (AL)
\c@float@type=\count268
\float@exts=\toks19
\float@box=\box51
\@float@everytoks=\toks20
\@floatcapt=\box52
) (/usr/share/texlive/texmf-dist/tex/latex/hyperref/hyperref.sty
Package: hyperref 2024-01-20 v7.01h Hypertext links for LaTeX
 (/usr/share/texlive/texmf-dist/tex/generic/iftex/iftex.sty
Package: iftex 2022/02/03 v1.0f TeX engine tests
) (/usr/share/texlive/texmf-dist/tex/latex/graphics/keyval.sty
Package: keyval 2022/05/29 v1.15 key=value parser (DPC)
\KV@toks@=\toks21
) (/usr/share/texlive/texmf-dist/tex/latex/kvsetkeys/kvsetkeys.sty
Package: kvsetkeys 2022-10-05 v1.19 Key value parser (HO)
) (/usr/share/texlive/texmf-dist/tex/generic/kvdefinekeys/kvdefinekeys.sty
Package: kvdefinekeys 2019-12-19 v1.6 Define keys (HO)
) (/usr/share/texlive/texmf-dist/tex/generic/pdfescape/pdfescape.sty
Package: pdfescape 2019/12/09 v1.15 Implements pdfTeX's escape features (HO)
 (/usr/share/texlive/texmf-dist/tex/generic/ltxcmds/ltxcmds.sty
Package: ltxcmds 2023-12-04 v1.26 LaTeX kernel commands for general use (HO)
) (/usr/share/texlive/texmf-dist/tex/generic/pdftexcmds/pdftexcmds.sty
Package: pdftexcmds 2020-06-27 v0.33 Utility functions of pdfTeX for LuaTeX (HO)
 (/usr/share/texlive/texmf-dist/tex/generic/infwarerr/infwarerr.sty
Package: infwarerr 2019/12/03 v1.5 Providing info/warning/error messages (HO)
)
Package pdftexcmds Info: \pdf@primitive is available.
Package pdftexcmds Info: \pdf@ifprimitive is available.
Package pdftexcmds Info: \pdfdraftmode found.
)) (/usr/share/texlive/texmf-dist/tex/latex/hycolor/hycolor.sty
Package: hycolor 2020-01-27 v1.10 Color options for hyperref/bookmark (HO)
) (/usr/share/texlive/texmf-dist/tex/latex/auxhook/auxhook.sty
Package: auxhook 2019-12-17 v1.6 Hooks for auxiliary files (HO)
) (/usr/share/texlive/texmf-dist/tex/latex/hyperref/nameref.sty
Package: nameref 2023-11-26 v2.56 Cross-referencing by name of section
 (/usr/share/texlive/texmf-dist/tex/latex/refcount/refcount.sty
Package: refcount 2019/12/15 v3.6 Data extraction from label references (HO)
) (/usr/share/texlive/texmf-dist/tex/generic/gettitlestring/gettitlestring.sty
Package: gettitlestring 2019/12/15 v1.6 Cleanup title references (HO)
 (/usr/share/texlive/texmf-dist/tex/latex/kvoptions/kvoptions.sty
Package: kvoptions 2022-06-15 v3.15 Key value format for package options (HO)
))
\c@section@level=\count269
)
\@linkdim=\dimen142
\Hy@linkcounter=\count270
\Hy@pagecounter=\count271
 (/usr/share/texlive/texmf-dist/tex/latex/hyperref/pd1enc.def
File: pd1enc.def 2024-01-20 v7.01h Hyperref: PDFDocEncoding definition (HO)
Now handling font encoding PD1 ...
... no UTF-8 mapping file for font encoding PD1
) (/usr/share/texlive/texmf-dist/tex/generic/intcalc/intcalc.sty
Package: intcalc 2019/12/15 v1.3 Expandable calculations with integers (HO)
)
\Hy@SavedSpaceFactor=\count272
 (/usr/share/texlive/texmf-dist/tex/latex/hyperref/puenc.def
File: puenc.def 2024-01-20 v7.01h Hyperref: PDF Unicode definition (HO)
Now handling font encoding PU ...
... no UTF-8 mapping file for font encoding PU
)
Package hyperref Info: Hyper figures OFF on input line 4179.
Package hyperref Info: Link nesting OFF on input line 4184.
Package hyperref Info: Hyper index ON on input line 4187.
Package hyperref Info: Plain pages OFF on input line 4194.
Package hyperref Info: Backreferencing OFF on input line 4199.
Package hyperref Info: Implicit mode ON; LaTeX internals redefined.
Package hyperref Info: Bookmarks ON on input line 4446.
\c@Hy@tempcnt=\count273
 (/usr/share/texlive/texmf-dist/tex/latex/url/url.sty
\Urlmuskip=\muskip16
Package: url 2013/09/16  ver 3.4  Verb mode for urls, etc.
)
LaTeX Info: Redefining \url on input line 4784.
\XeTeXLinkMargin=\dimen143
 (/usr/share/texlive/texmf-dist/tex/generic/bitset/bitset.sty
Package: bitset 2019/12/09 v1.3 Handle bit-vector datatype (HO)
 (/usr/share/texlive/texmf-dist/tex/generic/bigintcalc/bigintcalc.sty
Package: bigintcalc 2019/12/15 v1.5 Expandable calculations on big integers (HO)
))
\Fld@menulength=\count274
\Field@Width=\dimen144
\Fld@charsize=\dimen145
Package hyperref Info: Hyper figures OFF on input line 6063.
Package hyperref Info: Link nesting OFF on input line 6068.
Package hyperref Info: Hyper index ON on input line 6071.
Package hyperref Info: backreferencing OFF on input line 6078.
Package hyperref Info: Link coloring OFF on input line 6083.
Package hyperref Info: Link coloring with OCG OFF on input line 6088.
Package hyperref Info: PDF/A mode OFF on input line 6093.
 (/usr/share/texlive/texmf-dist/tex/latex/base/atbegshi-ltx.sty
Package: atbegshi-ltx 2021/01/10 v1.0c Emulation of the original atbegshi
package with kernel methods
)
\Hy@abspage=\count275
\c@Item=\count276
\c@Hfootnote=\count277
)
Package hyperref Info: Driver (autodetected): hpdftex.
 (/usr/share/texlive/texmf-dist/tex/latex/hyperref/hpdftex.def
File: hpdftex.def 2024-01-20 v7.01h Hyperref driver for pdfTeX
 (/usr/share/texlive/texmf-dist/tex/latex/base/atveryend-ltx.sty
Package: atveryend-ltx 2020/08/19 v1.0a Emulation of the original atveryend package
with kernel methods
)
\Fld@listcount=\count278
\c@bookmark@seq@number=\count279
 (/usr/share/texlive/texmf-dist/tex/latex/rerunfilecheck/rerunfilecheck.sty
Package: rerunfilecheck 2022-07-10 v1.10 Rerun checks for auxiliary files (HO)
 (/usr/share/texlive/texmf-dist/tex/generic/uniquecounter/uniquecounter.sty
Package: uniquecounter 2019/12/15 v1.4 Provide unlimited unique counter (HO)
)
Package uniquecounter Info: New unique counter `rerunfilecheck' on input line 285.
)
\Hy@SectionHShift=\skip50
) (/usr/share/texlive/texmf-dist/tex/latex/siunitx/siunitx.sty
Package: siunitx 2024-01-25 v3.3.10 A comprehensive (SI) units package
\l__siunitx_number_uncert_offset_int=\count280
\l__siunitx_number_exponent_fixed_int=\count281
\l__siunitx_number_min_decimal_int=\count282
\l__siunitx_number_min_integer_int=\count283
\l__siunitx_number_round_precision_int=\count284
\l__siunitx_number_lower_threshold_int=\count285
\l__siunitx_number_upper_threshold_int=\count286
\l__siunitx_number_group_first_int=\count287
\l__siunitx_number_group_size_int=\count288
\l__siunitx_number_group_minimum_int=\count289
\l__siunitx_angle_tmp_dim=\dimen146
\l__siunitx_angle_marker_box=\box53
\l__siunitx_angle_unit_box=\box54
\l__siunitx_compound_count_int=\count290
 (/usr/share/texlive/texmf-dist/tex/latex/translations/translations.sty
Package: translations 2022/02/05 v1.12 internationalization of LaTeX2e packages (CN)
) (/usr/share/texlive/texmf-dist/tex/latex/amsmath/amstext.sty
Package: amstext 2021/08/26 v2.01 AMS text
 (/usr/share/texlive/texmf-dist/tex/latex/amsmath/amsgen.sty
File: amsgen.sty 1999/11/30 v2.0 generic functions
\@emptytoks=\toks22
\ex@=\dimen147
))
\l__siunitx_table_tmp_box=\box55
\l__siunitx_table_tmp_dim=\dimen148
\l__siunitx_table_column_width_dim=\dimen149
\l__siunitx_table_integer_box=\box56
\l__siunitx_table_decimal_box=\box57
\l__siunitx_table_uncert_box=\box58
\l__siunitx_table_before_box=\box59
\l__siunitx_table_after_box=\box60
\l__siunitx_table_before_dim=\dimen150
\l__siunitx_table_carry_dim=\dimen151
\l__siunitx_unit_tmp_int=\count291
\l__siunitx_unit_position_int=\count292
\l__siunitx_unit_total_int=\count293
 (/usr/share/texlive/texmf-dist/tex/latex/tools/array.sty
Package: array 2023/10/16 v2.5g Tabular extension package (FMi)
\col@sep=\dimen152
\ar@mcellbox=\box61
\extrarowheight=\dimen153
\NC@list=\toks23
\extratabsurround=\skip51
\backup@length=\skip52
\ar@cellbox=\box62
)) (/usr/share/texlive/texmf-dist/tex/latex/xcolor/xcolor.sty
Package: xcolor 2023/11/15 v3.01 LaTeX color extensions (UK)
 (/usr/share/texlive/texmf-dist/tex/latex/graphics-cfg/color.cfg
File: color.cfg 2016/01/02 v1.6 sample color configuration
)
Package xcolor Info: Driver file: pdftex.def on input line 274.
 (/usr/share/texlive/texmf-dist/tex/latex/graphics-def/pdftex.def
File: pdftex.def 2022/09/22 v1.2b Graphics/color driver for pdftex
) (/usr/share/texlive/texmf-dist/tex/latex/graphics/mathcolor.ltx)
Package xcolor Info: Model `cmy' substituted by `cmy0' on input line 1350.
Package xcolor Info: Model `hsb' substituted by `rgb' on input line 1354.
Package xcolor Info: Model `RGB' extended on input line 1366.
Package xcolor Info: Model `HTML' substituted by `rgb' on input line 1368.
Package xcolor Info: Model `Hsb' substituted by `hsb' on input line 1369.
Package xcolor Info: Model `tHsb' substituted by `hsb' on input line 1370.
Package xcolor Info: Model `HSB' substituted by `hsb' on input line 1371.
Package xcolor Info: Model `Gray' substituted by `gray' on input line 1372.
Package xcolor Info: Model `wave' substituted by `hsb' on input line 1373.
) (/usr/share/texlive/texmf-dist/tex/latex/colortbl/colortbl.sty
Package: colortbl 2022/06/20 v1.0f Color table columns (DPC)
\everycr=\toks24
\minrowclearance=\skip53
\rownum=\count294
) (/usr/share/texlive/texmf-dist/tex/latex/tools/tabularx.sty
Package: tabularx 2023/07/08 v2.11c `tabularx' package (DPC)
\TX@col@width=\dimen154
\TX@old@table=\dimen155
\TX@old@col=\dimen156
\TX@target=\dimen157
\TX@delta=\dimen158
\TX@cols=\count295
\TX@ftn=\toks25
) (/usr/share/texlive/texmf-dist/tex/latex/graphics/graphicx.sty
Package: graphicx 2021/09/16 v1.2d Enhanced LaTeX Graphics (DPC,SPQR)
 (/usr/share/texlive/texmf-dist/tex/latex/graphics/graphics.sty
Package: graphics 2022/03/10 v1.4e Standard LaTeX Graphics (DPC,SPQR)
 (/usr/share/texlive/texmf-dist/tex/latex/graphics/trig.sty
Package: trig 2021/08/11 v1.11 sin cos tan (DPC)
) (/usr/share/texlive/texmf-dist/tex/latex/graphics-cfg/graphics.cfg
File: graphics.cfg 2016/06/04 v1.11 sample graphics configuration
)
Package graphics Info: Driver file: pdftex.def on input line 107.
)
\Gin@req@height=\dimen159
\Gin@req@width=\dimen160
) (/usr/share/texlive/texmf-dist/tex/latex/minted/minted.sty
Package: minted 2023/12/18 v2.9 Yet another Pygments shim for LaTeX
 (/usr/share/texlive/texmf-dist/tex/latex/fvextra/fvextra.sty
Package: fvextra 2023/11/28 v1.6.1 fvextra - extensions and patches for fancyvrb
 (/usr/share/texlive/texmf-dist/tex/latex/fancyvrb/fancyvrb.sty
Package: fancyvrb 2024/01/20 4.5c verbatim text (tvz,hv)
\FV@CodeLineNo=\count296
\FV@InFile=\read3
\FV@TabBox=\box63
\c@FancyVerbLine=\count297
\FV@StepNumber=\count298
\FV@OutFile=\write3
) (/usr/share/texlive/texmf-dist/tex/latex/upquote/upquote.sty
Package: upquote 2012/04/19 v1.3 upright-quote and grave-accent glyphs in verbatim
 (/usr/share/texlive/texmf-dist/tex/latex/base/textcomp.sty
Package: textcomp 2020/02/02 v2.0n Standard LaTeX package
)) (/usr/share/texlive/texmf-dist/tex/latex/lineno/lineno.sty
Package: lineno 2023/05/20 line numbers on paragraphs v5.3
\linenopenalty=\count299
\output=\toks26
\linenoprevgraf=\count300
\linenumbersep=\dimen161
\linenumberwidth=\dimen162
\c@linenumber=\count301
\c@pagewiselinenumber=\count302
\c@LN@truepage=\count303
\c@internallinenumber=\count304
\c@internallinenumbers=\count305
\quotelinenumbersep=\dimen163
\bframerule=\dimen164
\bframesep=\dimen165
\bframebox=\box64
LaTeX Info: Redefining \\ on input line 3180.
)
\c@FancyVerbWriteLine=\count306
\c@FancyVerbBufferIndex=\count307
\c@FancyVerbBufferLength=\count308
\c@FancyVerbBufferLine=\count309
\c@FV@oldbufferlength=\count310
\c@FV@TrueTabGroupLevel=\count311
\c@FV@TrueTabCounter=\count312
\FV@TabBox@Group=\box65
\FV@TmpLength=\skip54
\c@FV@HighlightLinesStart=\count313
\c@FV@HighlightLinesStop=\count314
\FV@LoopCount=\count315
\FV@NCharsBox=\box66
\FV@BreakIndent=\dimen166
\FV@BreakIndentNChars=\count316
\FV@BreakSymbolSepLeft=\dimen167
\FV@BreakSymbolSepLeftNChars=\count317
\FV@BreakSymbolSepRight=\dimen168
\FV@BreakSymbolSepRightNChars=\count318
\FV@BreakSymbolIndentLeft=\dimen169
\FV@BreakSymbolIndentLeftNChars=\count319
\FV@BreakSymbolIndentRight=\dimen170
\FV@BreakSymbolIndentRightNChars=\count320
\c@FancyVerbLineBreakLast=\count321
\FV@LineBox=\box67
\FV@LineIndentBox=\box68
\c@FV@BreakBufferDepth=\count322
\FV@LineWidth=\dimen171
) (/usr/share/texlive/texmf-dist/tex/latex/base/ifthen.sty
Package: ifthen 2022/04/13 v1.1d Standard LaTeX ifthen package (DPC)
) (/usr/share/texlive/texmf-dist/tex/latex/tools/shellesc.sty
Package: shellesc 2023/07/08 v1.0d unified shell escape interface for LaTeX
Package shellesc Info: Unrestricted shell escape enabled on input line 75.
) (/usr/share/texlive/texmf-dist/tex/latex/ifplatform/ifplatform.sty
Package: ifplatform 2017/10/13 v0.4a Testing for the operating system
 (/usr/share/texlive/texmf-dist/tex/generic/catchfile/catchfile.sty
Package: catchfile 2019/12/09 v1.8 Catch the contents of a file (HO)
 (/usr/share/texlive/texmf-dist/tex/generic/etexcmds/etexcmds.sty
Package: etexcmds 2019/12/15 v1.7 Avoid name clashes with e-TeX commands (HO)
)) (/usr/share/texlive/texmf-dist/tex/generic/iftex/ifluatex.sty
Package: ifluatex 2019/10/25 v1.5 ifluatex legacy package. Use iftex instead.
)
runsystem(uname -s > "main.w18")...executed.

 (./main.w18)
runsystem(rm -- "main.w18")...executed.

) (/usr/share/texlive/texmf-dist/tex/generic/xstring/xstring.sty (/usr/share/texlive/texmf-dist/tex/generic/xstring/xstring.tex
\xs_counta=\count323
\xs_countb=\count324
)
Package: xstring 2023/08/22 v1.86 String manipulations (CT)
) (/usr/share/texlive/texmf-dist/tex/latex/framed/framed.sty
Package: framed 2011/10/22 v 0.96: framed or shaded text with page breaks
\OuterFrameSep=\skip55
\fb@frw=\dimen172
\fb@frh=\dimen173
\FrameRule=\dimen174
\FrameSep=\dimen175
)
\minted@appexistsfile=\read4
\minted@bgbox=\box69
\minted@code=\write4
\c@minted@FancyVerbLineTemp=\count325
\c@minted@pygmentizecounter=\count326
\@float@every@listing=\toks27
\c@listing=\count327
)
runsystem(mkdir -p _minted-main)...executed.

 (/usr/share/texlive/texmf-dist/tex/latex/tocloft/tocloft.sty
Package: tocloft 2017/08/31 v2.3i parameterised ToC, etc., typesetting
Package tocloft Info: The document has chapter divisions on input line 51.
\cftparskip=\skip56
\cftbeforetoctitleskip=\skip57
\cftaftertoctitleskip=\skip58
\cftbeforepartskip=\skip59
\cftpartnumwidth=\skip60
\cftpartindent=\skip61
\cftbeforechapskip=\skip62
\cftchapindent=\skip63
\cftchapnumwidth=\skip64
\cftbeforesecskip=\skip65
\cftsecindent=\skip66
\cftsecnumwidth=\skip67
\cftbeforesubsecskip=\skip68
\cftsubsecindent=\skip69
\cftsubsecnumwidth=\skip70
\cftbeforesubsubsecskip=\skip71
\cftsubsubsecindent=\skip72
\cftsubsubsecnumwidth=\skip73
\cftbeforeparaskip=\skip74
\cftparaindent=\skip75
\cftparanumwidth=\skip76
\cftbeforesubparaskip=\skip77
\cftsubparaindent=\skip78
\cftsubparanumwidth=\skip79
\cftbeforeloftitleskip=\skip80
\cftafterloftitleskip=\skip81
\cftbeforefigskip=\skip82
\cftfigindent=\skip83
\cftfignumwidth=\skip84
\c@lofdepth=\count328
\c@lotdepth=\count329
\cftbeforelottitleskip=\skip85
\cftafterlottitleskip=\skip86
\cftbeforetabskip=\skip87
\cfttabindent=\skip88
\cfttabnumwidth=\skip89
) (/usr/share/texlive/texmf-dist/tex/latex/newtx/newtxtext.sty
Package: newtxtext 2024/01/11 v1.737(Michael Sharpe) latex and unicode latex support for TeXGyreTermesX
 `newtxtext' v1.737, 2024/01/11 Text macros taking advantage of TeXGyre Termes and its extensions (msharpe) (/usr/share/texlive/texmf-dist/tex/latex/xpatch/xpatch.sty (/usr/share/texlive/texmf-dist/tex/latex/l3kernel/expl3.sty
Package: expl3 2024-01-22 L3 programming layer (loader) 
 (/usr/share/texlive/texmf-dist/tex/latex/l3backend/l3backend-pdftex.def
File: l3backend-pdftex.def 2024-01-04 L3 backend support: PDF output (pdfTeX)
\l__color_backend_stack_int=\count330
\l__pdf_internal_box=\box70
))
Package: xpatch 2020/03/25 v0.3a Extending etoolbox patching commands
 (/usr/share/texlive/texmf-dist/tex/latex/l3packages/xparse/xparse.sty
Package: xparse 2023-10-10 L3 Experimental document command parser
)) (/usr/share/texlive/texmf-dist/tex/latex/xkeyval/xkeyval.sty
Package: xkeyval 2022/06/16 v2.9 package option processing (HA)
 (/usr/share/texlive/texmf-dist/tex/generic/xkeyval/xkeyval.tex (/usr/share/texlive/texmf-dist/tex/generic/xkeyval/xkvutils.tex
\XKV@toks=\toks28
\XKV@tempa@toks=\toks29
)
\XKV@depth=\count331
File: xkeyval.tex 2014/12/03 v2.7a key=value parser (HA)
)) (/usr/share/texlive/texmf-dist/tex/latex/carlisle/scalefnt.sty)
LaTeX Font Info:    Setting ntxLF sub-encoding to TS1/0 on input line 24.
LaTeX Font Info:    Setting ntxTLF sub-encoding to TS1/0 on input line 24.
LaTeX Font Info:    Setting ntxOsF sub-encoding to TS1/0 on input line 24.
LaTeX Font Info:    Setting ntxTOsF sub-encoding to TS1/0 on input line 24.
 (/usr/share/texlive/texmf-dist/tex/generic/kastrup/binhex.tex)
\ntx@tmpcnta=\count332
\ntx@cnt=\count333
 (/usr/share/texlive/texmf-dist/tex/latex/fontaxes/fontaxes.sty
Package: fontaxes 2020/07/21 v1.0e Font selection axes
LaTeX Info: Redefining \upshape on input line 29.
LaTeX Info: Redefining \itshape on input line 31.
LaTeX Info: Redefining \slshape on input line 33.
LaTeX Info: Redefining \swshape on input line 35.
LaTeX Info: Redefining \scshape on input line 37.
LaTeX Info: Redefining \sscshape on input line 39.
LaTeX Info: Redefining \ulcshape on input line 41.
LaTeX Info: Redefining \textsw on input line 47.
LaTeX Info: Redefining \textssc on input line 48.
LaTeX Info: Redefining \textulc on input line 49.
)
\tx@sixem=\dimen176
\tx@y=\dimen177
\tx@x=\dimen178
\tx@tmpdima=\dimen179
\tx@tmpdimb=\dimen180
\tx@tmpdimc=\dimen181
\tx@tmpdimd=\dimen182
\tx@tmpdime=\dimen183
\tx@tmpdimf=\dimen184
\tx@dimA=\dimen185
\tx@dimAA=\dimen186
\tx@dimB=\dimen187
\tx@dimBB=\dimen188
\tx@dimC=\dimen189
LaTeX Info: Redefining \oldstylenums on input line 893.
) (/usr/share/texlive/texmf-dist/tex/latex/newtx/newtxmath.sty
Package: newtxmath 2023/11/05 v1.732
 `newtxmath' v1.732, 2023/11/05 Math macros based originally on txfonts (msharpe) (/usr/share/texlive/texmf-dist/tex/latex/amsmath/amsmath.sty
Package: amsmath 2023/05/13 v2.17o AMS math features
\@mathmargin=\skip90

For additional information on amsmath, use the `?' option.
(/usr/share/texlive/texmf-dist/tex/latex/amsmath/amsbsy.sty
Package: amsbsy 1999/11/29 v1.2d Bold Symbols
\pmbraise@=\dimen190
) (/usr/share/texlive/texmf-dist/tex/latex/amsmath/amsopn.sty
Package: amsopn 2022/04/08 v2.04 operator names
)
\inf@bad=\count334
LaTeX Info: Redefining \frac on input line 234.
\uproot@=\count335
\leftroot@=\count336
LaTeX Info: Redefining \overline on input line 399.
LaTeX Info: Redefining \colon on input line 410.
\classnum@=\count337
\DOTSCASE@=\count338
LaTeX Info: Redefining \ldots on input line 496.
LaTeX Info: Redefining \dots on input line 499.
LaTeX Info: Redefining \cdots on input line 620.
\Mathstrutbox@=\box71
\strutbox@=\box72
LaTeX Info: Redefining \big on input line 722.
LaTeX Info: Redefining \Big on input line 723.
LaTeX Info: Redefining \bigg on input line 724.
LaTeX Info: Redefining \Bigg on input line 725.
\big@size=\dimen191
LaTeX Font Info:    Redeclaring font encoding OML on input line 743.
LaTeX Font Info:    Redeclaring font encoding OMS on input line 744.
\macc@depth=\count339
LaTeX Info: Redefining \bmod on input line 905.
LaTeX Info: Redefining \pmod on input line 910.
LaTeX Info: Redefining \smash on input line 940.
LaTeX Info: Redefining \relbar on input line 970.
LaTeX Info: Redefining \Relbar on input line 971.
\c@MaxMatrixCols=\count340
\dotsspace@=\muskip17
\c@parentequation=\count341
\dspbrk@lvl=\count342
\tag@help=\toks30
\row@=\count343
\column@=\count344
\maxfields@=\count345
\andhelp@=\toks31
\eqnshift@=\dimen192
\alignsep@=\dimen193
\tagshift@=\dimen194
\tagwidth@=\dimen195
\totwidth@=\dimen196
\lineht@=\dimen197
\@envbody=\toks32
\multlinegap=\skip91
\multlinetaggap=\skip92
\mathdisplay@stack=\toks33
LaTeX Info: Redefining \[ on input line 2953.
LaTeX Info: Redefining \] on input line 2954.
)
\linenoamsmath@ams@eqpen=\count346
 (/usr/share/texlive/texmf-dist/tex/latex/oberdiek/centernot.sty
Package: centernot 2016/05/16 v1.4 Centers the not symbol horizontally (HO)
)
\tx@cntz=\count347
 (/usr/share/texlive/texmf-dist/tex/generic/kastrup/binhex.tex)
\tx@Isdigit=\count348
\tx@IsAlNum=\count349
\tx@tA=\toks34
\tx@tB=\toks35
\tx@su=\read5

amsthm NOT loaded
LaTeX Font Info:    Redeclaring symbol font `operators' on input line 390.
LaTeX Font Info:    Overwriting symbol font `operators' in version `normal'
(Font)                  OT1/cmr/m/n --> OT1/minntx/m/n on input line 390.
LaTeX Font Info:    Overwriting symbol font `operators' in version `bold'
(Font)                  OT1/cmr/bx/n --> OT1/minntx/m/n on input line 390.
LaTeX Font Info:    Overwriting symbol font `operators' in version `bold'
(Font)                  OT1/minntx/m/n --> OT1/minntx/b/n on input line 391.
LaTeX Font Info:    Redeclaring math alphabet \mathsf on input line 397.
LaTeX Font Info:    Overwriting math alphabet `\mathsf' in version `normal'
(Font)                  OT1/cmss/m/n --> T1/qhv/m/n on input line 397.
LaTeX Font Info:    Overwriting math alphabet `\mathsf' in version `bold'
(Font)                  OT1/cmss/bx/n --> T1/qhv/m/n on input line 397.
LaTeX Font Info:    Redeclaring math alphabet \mathit on input line 398.
LaTeX Font Info:    Overwriting math alphabet `\mathit' in version `normal'
(Font)                  OT1/cmr/m/it --> OT1/minntx/m/it on input line 398.
LaTeX Font Info:    Overwriting math alphabet `\mathit' in version `bold'
(Font)                  OT1/cmr/bx/it --> OT1/minntx/m/it on input line 398.
LaTeX Font Info:    Redeclaring math alphabet \mathtt on input line 399.
LaTeX Font Info:    Overwriting math alphabet `\mathtt' in version `normal'
(Font)                  OT1/cmtt/m/n --> T1/ntxtt/m/n on input line 399.
LaTeX Font Info:    Overwriting math alphabet `\mathtt' in version `bold'
(Font)                  OT1/cmtt/m/n --> T1/ntxtt/m/n on input line 399.
LaTeX Font Info:    Redeclaring math alphabet \mathbf on input line 401.
LaTeX Font Info:    Overwriting math alphabet `\mathbf' in version `normal'
(Font)                  OT1/cmr/bx/n --> OT1/minntx/b/n on input line 401.
LaTeX Font Info:    Overwriting math alphabet `\mathbf' in version `bold'
(Font)                  OT1/cmr/bx/n --> OT1/minntx/b/n on input line 401.
LaTeX Font Info:    Overwriting math alphabet `\mathit' in version `bold'
(Font)                  OT1/minntx/m/it --> OT1/minntx/b/it on input line 402.
LaTeX Font Info:    Overwriting math alphabet `\mathsf' in version `bold'
(Font)                  T1/qhv/m/n --> T1/qhv/b/n on input line 403.
LaTeX Font Info:    Overwriting math alphabet `\mathtt' in version `bold'
(Font)                  T1/ntxtt/m/n --> T1/ntxtt/b/n on input line 404.
LaTeX Font Info:    Redeclaring symbol font `letters' on input line 506.
LaTeX Font Info:    Overwriting symbol font `letters' in version `normal'
(Font)                  OML/cmm/m/it --> OML/ntxmi/m/it on input line 506.
LaTeX Font Info:    Overwriting symbol font `letters' in version `bold'
(Font)                  OML/cmm/b/it --> OML/ntxmi/m/it on input line 506.
LaTeX Font Info:    Overwriting symbol font `letters' in version `bold'
(Font)                  OML/ntxmi/m/it --> OML/ntxmi/b/it on input line 507.
\symlettersA=\mathgroup4
LaTeX Font Info:    Overwriting symbol font `lettersA' in version `bold'
(Font)                  U/ntxmia/m/it --> U/ntxmia/b/it on input line 562.
Now handling font encoding LMS ...
... no UTF-8 mapping file for font encoding LMS
LaTeX Font Info:    Redeclaring symbol font `symbols' on input line 583.
LaTeX Font Info:    Encoding `OMS' has changed to `LMS' for symbol font
(Font)              `symbols' in the math version `normal' on input line 583.
LaTeX Font Info:    Overwriting symbol font `symbols' in version `normal'
(Font)                  OMS/cmsy/m/n --> LMS/ntxsy/m/n on input line 583.
LaTeX Font Info:    Encoding `OMS' has changed to `LMS' for symbol font
(Font)              `symbols' in the math version `bold' on input line 583.
LaTeX Font Info:    Overwriting symbol font `symbols' in version `bold'
(Font)                  OMS/cmsy/b/n --> LMS/ntxsy/m/n on input line 583.
LaTeX Font Info:    Overwriting symbol font `symbols' in version `bold'
(Font)                  LMS/ntxsy/m/n --> LMS/ntxsy/b/n on input line 584.
\symAMSm=\mathgroup5
LaTeX Font Info:    Overwriting symbol font `AMSm' in version `bold'
(Font)                  U/ntxsym/m/n --> U/ntxsym/b/n on input line 609.
\symsymbolsC=\mathgroup6
LaTeX Font Info:    Overwriting symbol font `symbolsC' in version `bold'
(Font)                  U/ntxsyc/m/n --> U/ntxsyc/b/n on input line 630.
Now handling font encoding LMX ...
... no UTF-8 mapping file for font encoding LMX
LaTeX Font Info:    Redeclaring symbol font `largesymbols' on input line 643.
LaTeX Font Info:    Encoding `OMX' has changed to `LMX' for symbol font
(Font)              `largesymbols' in the math version `normal' on input line 643.
LaTeX Font Info:    Overwriting symbol font `largesymbols' in version `normal'
(Font)                  OMX/cmex/m/n --> LMX/ntxexx/m/n on input line 643.
LaTeX Font Info:    Encoding `OMX' has changed to `LMX' for symbol font
(Font)              `largesymbols' in the math version `bold' on input line 643.
LaTeX Font Info:    Overwriting symbol font `largesymbols' in version `bold'
(Font)                  OMX/cmex/m/n --> LMX/ntxexx/m/n on input line 643.
LaTeX Font Info:    Overwriting symbol font `largesymbols' in version `bold'
(Font)                  LMX/ntxexx/m/n --> LMX/ntxexx/b/n on input line 644.
\symlargesymbolsTXA=\mathgroup7
LaTeX Font Info:    Overwriting symbol font `largesymbolsTXA' in version `bold'
(Font)                  U/ntxexa/m/n --> U/ntxexa/b/n on input line 658.
\tx@sbptoks=\toks36
LaTeX Font Info:    Redeclaring math delimiter \lfloor on input line 881.
LaTeX Font Info:    Redeclaring math delimiter \rfloor on input line 882.
LaTeX Font Info:    Redeclaring math delimiter \lceil on input line 883.
LaTeX Font Info:    Redeclaring math delimiter \rceil on input line 884.
LaTeX Font Info:    Redeclaring math delimiter \lbrace on input line 889.
LaTeX Font Info:    Redeclaring math delimiter \rbrace on input line 890.
LaTeX Font Info:    Redeclaring math delimiter \langle on input line 892.
LaTeX Font Info:    Redeclaring math delimiter \rangle on input line 894.
LaTeX Font Info:    Redeclaring math delimiter \arrowvert on input line 898.
LaTeX Font Info:    Redeclaring math delimiter \vert on input line 899.
LaTeX Font Info:    Redeclaring math symbol \hbar on input line 945.
LaTeX Font Info:    Redeclaring math accent \dot on input line 970.
LaTeX Font Info:    Redeclaring math accent \ddot on input line 971.
LaTeX Font Info:    Redeclaring math accent \vec on input line 2044.
LaTeX Info: Redefining \Bbbk on input line 2834.
LaTeX Info: Redefining \not on input line 2982.
) (/usr/share/texlive/texmf-dist/tex/latex/booktabs/booktabs.sty
Package: booktabs 2020/01/12 v1.61803398 Publication quality tables
\heavyrulewidth=\dimen198
\lightrulewidth=\dimen199
\cmidrulewidth=\dimen256
\belowrulesep=\dimen257
\belowbottomsep=\dimen258
\aboverulesep=\dimen259
\abovetopsep=\dimen260
\cmidrulesep=\dimen261
\cmidrulekern=\dimen262
\defaultaddspace=\dimen263
\@cmidla=\count350
\@cmidlb=\count351
\@aboverulesep=\dimen264
\@belowrulesep=\dimen265
\@thisruleclass=\count352
\@lastruleclass=\count353
\@thisrulewidth=\dimen266
) (/usr/share/texlive/texmf-dist/tex/latex/cite/cite.sty
LaTeX Info: Redefining \cite on input line 302.
LaTeX Info: Redefining \nocite on input line 332.
Package: cite 2015/02/27  v 5.5
)
Package hyperref Info: Option `colorlinks' set `true' on input line 43.
)
runsystem(command -v pygmentize && touch main.aex)...executed.

runsystem(rm main.aex)...executed.

LaTeX Font Info:    Trying to load font information for T1+ntxtlf on input line 6.
 (/usr/share/texlive/texmf-dist/tex/latex/newtx/t1ntxtlf.fd
File: t1ntxtlf.fd 2021/05/24 v1.1 font definition file for T1/ntx/tlf
)
LaTeX Font Info:    Font shape `T1/ntxtlf/m/n' will be
(Font)              scaled to size 12.0pt on input line 6.
 (./main.aux (./capitoli/introduzione.aux) (./capitoli/stato_arte.aux

LaTeX Warning: Label `fig:esempio' multiply defined.

) (./capitoli/design_protocollo.aux) (./capitoli/requisiti.aux) (./capitoli/implementazione_hardware.aux) (./capitoli/implementazione_software.aux) (./capitoli/sperimentazione.aux) (./capitoli/discussione.aux) (./capitoli/conclusioni.aux) (./appendici/appendiceA.aux) (./appendici/appendiceB.aux))
\openout1 = `main.aux'.

LaTeX Font Info:    Checking defaults for OML/ntxmi/m/it on input line 6.
LaTeX Font Info:    Trying to load font information for OML+ntxmi on input line 6.
 (/usr/share/texlive/texmf-dist/tex/latex/newtx/omlntxmi.fd
File: omlntxmi.fd 2015/08/25 Fontinst v1.933 font definitions for OML/ntxmi.
)
LaTeX Font Info:    ... okay on input line 6.
LaTeX Font Info:    Checking defaults for OMS/cmsy/m/n on input line 6.
LaTeX Font Info:    ... okay on input line 6.
LaTeX Font Info:    Checking defaults for OT1/cmr/m/n on input line 6.
LaTeX Font Info:    ... okay on input line 6.
LaTeX Font Info:    Checking defaults for T1/cmr/m/n on input line 6.
LaTeX Font Info:    ... okay on input line 6.
LaTeX Font Info:    Checking defaults for TS1/cmr/m/n on input line 6.
LaTeX Font Info:    ... okay on input line 6.
LaTeX Font Info:    Checking defaults for OMX/cmex/m/n on input line 6.
LaTeX Font Info:    ... okay on input line 6.
LaTeX Font Info:    Checking defaults for U/ntxexa/m/n on input line 6.
LaTeX Font Info:    Trying to load font information for U+ntxexa on input line 6.
 (/usr/share/texlive/texmf-dist/tex/latex/newtx/untxexa.fd
File: untxexa.fd 2012/04/16 Fontinst v1.933 font definitions for U/ntxexa.
)
LaTeX Font Info:    ... okay on input line 6.
LaTeX Font Info:    Checking defaults for PD1/pdf/m/n on input line 6.
LaTeX Font Info:    ... okay on input line 6.
LaTeX Font Info:    Checking defaults for PU/pdf/m/n on input line 6.
LaTeX Font Info:    ... okay on input line 6.
LaTeX Font Info:    Checking defaults for LMS/ntxsy/m/n on input line 6.
LaTeX Font Info:    Trying to load font information for LMS+ntxsy on input line 6.
 (/usr/share/texlive/texmf-dist/tex/latex/newtx/lmsntxsy.fd
File: lmsntxsy.fd 2016/07/02 Fontinst v1.933 font definitions for LMS/ntxsy.
)
LaTeX Font Info:    ... okay on input line 6.
LaTeX Font Info:    Checking defaults for LMX/ntxexx/m/n on input line 6.
LaTeX Font Info:    Trying to load font information for LMX+ntxexx on input line 6.
 (/usr/share/texlive/texmf-dist/tex/latex/newtx/lmxntxexx.fd
File: lmxntxexx.fd 2016/07/03 Fontinst v1.933 font definitions for LMX/ntxexx.
)
LaTeX Font Info:    ... okay on input line 6.
LaTeX Info: Redefining \it@ocap on input line 6.
LaTeX Info: Redefining \it@ccap on input line 6.
Package hyperref Info: Link coloring ON on input line 6.
 (./main.out) (./main.out)
\@outlinefile=\write5
\openout5 = `main.out'.

Package translations Info: no dictionary file `translations-basic-dictionary-italian.trsl' found. on input line 6.
 (/usr/share/texlive/texmf-dist/tex/context/base/mkii/supp-pdf.mkii
[Loading MPS to PDF converter (version 2006.09.02).]
\scratchcounter=\count354
\scratchdimen=\dimen267
\scratchbox=\box73
\nofMPsegments=\count355
\nofMParguments=\count356
\everyMPshowfont=\toks37
\MPscratchCnt=\count357
\MPscratchDim=\dimen268
\MPnumerator=\count358
\makeMPintoPDFobject=\count359
\everyMPtoPDFconversion=\toks38
) (/usr/share/texlive/texmf-dist/tex/latex/epstopdf-pkg/epstopdf-base.sty
Package: epstopdf-base 2020-01-24 v2.11 Base part for package epstopdf
Package epstopdf-base Info: Redefining graphics rule for `.eps' on input line 485.
 (/usr/share/texlive/texmf-dist/tex/latex/latexconfig/epstopdf-sys.cfg
File: epstopdf-sys.cfg 2010/07/13 v1.3 Configuration of (r)epstopdf for TeX Live
))
\c@mv@tabular=\count360
\c@mv@boldtabular=\count361
LaTeX Info: Command `\dddot' is already robust on input line 6.
LaTeX Info: Command `\ddddot' is already robust on input line 6.
LaTeX Font Info:    Font shape `T1/ntxtlf/m/n' will be
(Font)              scaled to size 24.88pt on input line 10.
LaTeX Font Info:    Font shape `T1/ntxtlf/b/n' will be
(Font)              scaled to size 24.88pt on input line 10.
 (./main.toc
LaTeX Font Info:    Font shape `T1/ntxtlf/b/n' will be
(Font)              scaled to size 12.0pt on input line 3.
LaTeX Font Info:    Trying to load font information for OT1+minntx on input line 3.
 (/usr/share/texlive/texmf-dist/tex/latex/newtx/ot1minntx.fd
File: ot1minntx.fd 2023/09/09 v1.1 font definition file for OT1/minntx
)
LaTeX Font Info:    Trying to load font information for U+ntxmia on input line 3.
 (/usr/share/texlive/texmf-dist/tex/latex/newtx/untxmia.fd
File: untxmia.fd 2018/04/14 Fontinst v1.933 font definitions for U/ntxmia.
)
LaTeX Font Info:    Trying to load font information for U+ntxsym on input line 3.
 (/usr/share/texlive/texmf-dist/tex/latex/newtx/untxsym.fd
File: untxsym.fd 2023/08/16 Fontinst v1.933 font definitions for U/ntxsym.
)
LaTeX Font Info:    Trying to load font information for U+ntxsyc on input line 3.
 (/usr/share/texlive/texmf-dist/tex/latex/newtx/untxsyc.fd
File: untxsyc.fd 2012/04/12 Fontinst v1.933 font definitions for U/ntxsyc.
) [1

{/var/lib/texmf/fonts/map/pdftex/updmap/pdftex.map}{/usr/share/texlive/texmf-dist/fonts/enc/dvips/newtx/ntx-ec-tlf.enc}])
\tf@toc=\write6
\openout6 = `main.toc'.

 [2{/usr/share/texlive/texmf-dist/fonts/enc/dvips/newtx/ntx-ot1-tlf.enc}]
\openout2 = `capitoli/introduzione.aux'.

 (./capitoli/introduzione.tex
Capitolo 1.
LaTeX Font Info:    Font shape `T1/ntxtlf/m/n' will be
(Font)              scaled to size 17.28pt on input line 4.
LaTeX Font Info:    Font shape `T1/ntxtlf/b/n' will be
(Font)              scaled to size 17.28pt on input line 4.
LaTeX Font Info:    Font shape `T1/ntxtlf/m/it' will be
(Font)              scaled to size 12.0pt on input line 6.
LaTeX Font Info:    Trying to load font information for TS1+ntxtlf on input line 14.
(/usr/share/texlive/texmf-dist/tex/latex/newtx/ts1ntxtlf.fd
File: ts1ntxtlf.fd 2015/01/18 v1.0 fd file for TS1/ntxtlf
)
LaTeX Font Info:    Font shape `TS1/ntxtlf/m/n' will be
(Font)              scaled to size 12.0pt on input line 14.
<immagini/corner_loss_em.jpg, id=269, 385.44pt x 410.9754pt>
File: immagini/corner_loss_em.jpg Graphic file (type jpg)
<use immagini/corner_loss_em.jpg>
Package pdftex.def Info: immagini/corner_loss_em.jpg  used on input line 18.
(pdftex.def)             Requested size: 136.50238pt x 145.54297pt.
 [3


{/usr/share/texmf/fonts/enc/dvips/tex-gyre/q-ts1.enc}] [4 <./immagini/corner_loss_em.jpg>]) [5]
\openout2 = `capitoli/stato_arte.aux'.

 (./capitoli/stato_arte.tex
Capitolo 2.

Underfull \hbox (badness 10000) in paragraph at lines 5--9

 []

[6




]
LaTeX Font Info:    Font shape `T1/ntxtlf/m/n' will be
(Font)              scaled to size 14.4pt on input line 27.
LaTeX Font Info:    Font shape `T1/ntxtlf/b/n' will be
(Font)              scaled to size 14.4pt on input line 27.
<immagini/corner_em.jpg, id=312, 289.08pt x 252.4632pt>
File: immagini/corner_em.jpg Graphic file (type jpg)
<use immagini/corner_em.jpg>
Package pdftex.def Info: immagini/corner_em.jpg  used on input line 40.
(pdftex.def)             Requested size: 136.50238pt x 119.21243pt.
 [7 <./immagini/corner_em.jpg>] [8]) [9]
\openout2 = `capitoli/design_protocollo.aux'.

 (./capitoli/design_protocollo.tex
Capitolo 3.
<immagini/layers.png, id=370, 1027.84pt x 1027.84pt>
File: immagini/layers.png Graphic file (type png)
<use immagini/layers.png>
Package pdftex.def Info: immagini/layers.png  used on input line 6.
(pdftex.def)             Requested size: 136.50238pt x 136.49397pt.
LaTeX Font Info:    Font shape `T1/ntxtlf/m/n' will be
(Font)              scaled to size 8.8pt on input line 18.
LaTeX Font Info:    Font shape `T1/ntxtlf/m/n' will be
(Font)              scaled to size 6.6pt on input line 18.

Underfull \hbox (badness 10000) in paragraph at lines 17--19

 []

[10




 <./immagini/layers.png>]
Underfull \hbox (badness 10000) in paragraph at lines 35--36

 []

<immagini/audacity_spectrum.png, id=381, 3694.80376pt x 752.8125pt>
File: immagini/audacity_spectrum.png Graphic file (type png)
<use immagini/audacity_spectrum.png>
Package pdftex.def Info: immagini/audacity_spectrum.png  used on input line 46.
(pdftex.def)             Requested size: 350.99762pt x 71.50644pt.
[11 <./immagini/audacity_spectrum.png>]
<immagini/fft_spectrum.png, id=392, 1248.665pt x 756.8275pt>
File: immagini/fft_spectrum.png Graphic file (type png)
<use immagini/fft_spectrum.png>
Package pdftex.def Info: immagini/fft_spectrum.png  used on input line 68.
(pdftex.def)             Requested size: 253.49762pt x 153.63782pt.
 [12 <./immagini/fft_spectrum.png>]
Underfull \hbox (badness 10000) in paragraph at lines 175--180

 []

[13]
<immagini/fft_regression_check.png, id=412, 1282.7925pt x 1011.78pt>
File: immagini/fft_regression_check.png Graphic file (type png)
<use immagini/fft_regression_check.png>
Package pdftex.def Info: immagini/fft_regression_check.png  used on input line 189.
(pdftex.def)             Requested size: 253.49762pt x 199.92856pt.
 [14 <./immagini/fft_regression_check.png>]
<immagini/local_peak.png, id=419, 1027.84pt x 1027.84pt>
File: immagini/local_peak.png Graphic file (type png)
<use immagini/local_peak.png>
Package pdftex.def Info: immagini/local_peak.png  used on input line 206.
(pdftex.def)             Requested size: 195.0pt x 194.99364pt.

Underfull \hbox (badness 10000) in paragraph at lines 198--209

 []

<immagini/parabolic_interpolation.png, id=420, 1248.665pt x 894.34125pt>
File: immagini/parabolic_interpolation.png Graphic file (type png)
<use immagini/parabolic_interpolation.png>
Package pdftex.def Info: immagini/parabolic_interpolation.png  used on input line 222.
(pdftex.def)             Requested size: 195.0pt x 139.65858pt.

Underfull \hbox (badness 10000) in paragraph at lines 217--225

 []

[15 <./immagini/local_peak.png>]
LaTeX Font Info:    Trying to load font information for T1+ntxtt on input line 228.
 (/usr/share/texlive/texmf-dist/tex/latex/newtx/t1ntxtt.fd
File: t1ntxtt.fd 2012/04/20 v3.1
)
LaTeX Font Info:    Trying to load font information for T1+txtt on input line 228.
 (/usr/share/texlive/texmf-dist/tex/latex/txfonts/t1txtt.fd
File: t1txtt.fd 2000/12/15 v3.1
)
LaTeX Font Info:    Font shape `T1/ntxtt/b/n' in size <12> not available
(Font)              Font shape `T1/txtt/bx/n' tried instead on input line 228.
LaTeX Font Info:    Font shape `T1/ntxtlf/b/it' will be
(Font)              scaled to size 12.0pt on input line 228.

Underfull \hbox (badness 10000) in paragraph at lines 236--244

 []

[16 <./immagini/parabolic_interpolation.png>]
<immagini/window_listening.png, id=440, 1027.84pt x 1027.84pt>
File: immagini/window_listening.png Graphic file (type png)
<use immagini/window_listening.png>
Package pdftex.def Info: immagini/window_listening.png  used on input line 256.
(pdftex.def)             Requested size: 195.0pt x 194.99364pt.
 [17 <./immagini/window_listening.png>] [18]
Underfull \hbox (badness 10000) in paragraph at lines 369--374

 []

[19]
LaTeX Font Info:    Font shape `T1/ntxtt/m/n' will be
(Font)              scaled to size 12.0pt on input line 381.

Underfull \hbox (badness 10000) in paragraph at lines 383--388

 []


Underfull \hbox (badness 10000) in paragraph at lines 397--398

 []

[20]
<immagini/fifo_input_output.png, id=473, 482.80376pt x 282.05376pt>
File: immagini/fifo_input_output.png Graphic file (type png)
<use immagini/fifo_input_output.png>
Package pdftex.def Info: immagini/fifo_input_output.png  used on input line 456.
(pdftex.def)             Requested size: 195.0pt x 113.91696pt.
 [21]
<immagini/token_diagram.png, id=478, 594.22pt x 472.76625pt>
File: immagini/token_diagram.png Graphic file (type png)
<use immagini/token_diagram.png>
Package pdftex.def Info: immagini/token_diagram.png  used on input line 479.
(pdftex.def)             Requested size: 253.49762pt x 201.68405pt.
 [22 <./immagini/fifo_input_output.png>] [23 <./immagini/token_diagram.png>]
Underfull \hbox (badness 10000) in paragraph at lines 524--546

 []


Overfull \hbox (23.74724pt too wide) in paragraph at lines 547--556
\T1/ntxtlf/m/n/12 Il ri-tor-no del-l'e-se-cu-zio-ne è an-ch'es-so stan-dar-diz-za-to (nel ca-so il-lu-stra-to, \T1/ntxtt/m/n/12 MOVEMENT_YES
 []


Overfull \hbox (8.80737pt too wide) in paragraph at lines 558--567
\T1/ntxtlf/m/n/12 no di-gi-ta-re un co-man-do tra-mi-te l'in-ter-fac-cia \T1/ntxtlf/b/n/12 Blynk.io\T1/ntxtlf/m/n/12 , cor-ri-spon-de ad un'\T1/ntxtlf/b/n/12 operazione
 []

[24]
<immagini/blynk_interface.png, id=497, 1953.2975pt x 1829.83624pt>
File: immagini/blynk_interface.png Graphic file (type png)
<use immagini/blynk_interface.png>
Package pdftex.def Info: immagini/blynk_interface.png  used on input line 570.
(pdftex.def)             Requested size: 312.00119pt x 292.2772pt.
) [25 <./immagini/blynk_interface.png>]
\openout2 = `capitoli/requisiti.aux'.


No file capitoli/requisiti.tex.
\openout2 = `capitoli/implementazione_hardware.aux'.

(./capitoli/implementazione_hardware.tex
Capitolo 4.
[26







]
<immagini/esp32_block_diagram.png, id=514, 957.5775pt x 597.23125pt>
File: immagini/esp32_block_diagram.png Graphic file (type png)
<use immagini/esp32_block_diagram.png>
Package pdftex.def Info: immagini/esp32_block_diagram.png  used on input line 37.
(pdftex.def)             Requested size: 272.99881pt x 170.26735pt.
 [27 <./immagini/esp32_block_diagram.png>]
<immagini/adafruit_mems.png, id=530, 1003.75pt x 501.875pt>
File: immagini/adafruit_mems.png Graphic file (type png)
<use immagini/adafruit_mems.png>
Package pdftex.def Info: immagini/adafruit_mems.png  used on input line 71.
(pdftex.def)             Requested size: 272.99881pt x 136.49593pt.
 [28 <./immagini/adafruit_mems.png>]
Package textcomp Info: Symbol \textmu not provided by
(textcomp)             font family ntxtlf in TS1 encoding.
(textcomp)             Default family used instead on input line 78.
<immagini/adafruit_diaframma.png, id=549, 1027.84pt x 1027.84pt>
File: immagini/adafruit_diaframma.png Graphic file (type png)
<use immagini/adafruit_diaframma.png>
Package pdftex.def Info: immagini/adafruit_diaframma.png  used on input line 112.
(pdftex.def)             Requested size: 155.99762pt x 155.98863pt.
 [29{/usr/share/texmf/fonts/enc/dvips/cm-super/cm-super-ts1.enc}]
<immagini/adafruit_max.png, id=571, 1158.3275pt x 434.62375pt>
File: immagini/adafruit_max.png Graphic file (type png)
<use immagini/adafruit_max.png>
Package pdftex.def Info: immagini/adafruit_max.png  used on input line 132.
(pdftex.def)             Requested size: 272.99881pt x 102.42839pt.
 [30 <./immagini/adafruit_diaframma.png> <./immagini/adafruit_max.png>]
<immagini/max_diagram.png, id=588, 723.70375pt x 201.75375pt>
File: immagini/max_diagram.png Graphic file (type png)
<use immagini/max_diagram.png>
Package pdftex.def Info: immagini/max_diagram.png  used on input line 155.
(pdftex.def)             Requested size: 272.99881pt x 76.10692pt.

Underfull \hbox (badness 10000) in paragraph at lines 163--170

 []

[31 <./immagini/max_diagram.png>]
Underfull \hbox (badness 10000) in paragraph at lines 171--176

 []


Package hyperref Warning: Token not allowed in a PDF string (Unicode):
(hyperref)                removing `math shift' on input line 179.


Package hyperref Warning: Token not allowed in a PDF string (Unicode):
(hyperref)                removing `superscript' on input line 179.


Package hyperref Warning: Token not allowed in a PDF string (Unicode):
(hyperref)                removing `math shift' on input line 179.

<immagini/board_microfono.png, id=607, 2353.79375pt x 751.80875pt>
File: immagini/board_microfono.png Graphic file (type png)
<use immagini/board_microfono.png>
Package pdftex.def Info: immagini/board_microfono.png  used on input line 187.
(pdftex.def)             Requested size: 390.0pt x 124.55931pt.

Underfull \hbox (badness 1466) in paragraph at lines 188--188
[]\T1/ntxtlf/m/n/12 Figura 4.6: []Collegamento fi-si-co tra ESP32 e mi-cro-fo-no I$[]$S (Ada-fruit
 []

[32]
Underfull \hbox (badness 1365) in paragraph at lines 233--233
[]\T1/ntxtlf/m/n/12 Tabella 4.1: []Mappatura hard-ware dei pin I$[]$S tra ESP32 e mi-cro-fo-no
 []


Underfull \hbox (badness 10000) in paragraph at lines 237--242

 []

[33 <./immagini/board_microfono.png>]
Overfull \hbox (12.1914pt too wide) in paragraph at lines 244--245
 []\T1/ntxtlf/b/n/12 Dettagli elet-tri-ci e mo-ti-va-zio-ni del-le scel-te.[] \T1/ntxtlf/m/n/12 Il mi-cro-fo-no Ada-fruit SPH0645LM4H
 []


Package hyperref Warning: Token not allowed in a PDF string (Unicode):
(hyperref)                removing `math shift' on input line 251.


Package hyperref Warning: Token not allowed in a PDF string (Unicode):
(hyperref)                removing `superscript' on input line 251.


Package hyperref Warning: Token not allowed in a PDF string (Unicode):
(hyperref)                removing `math shift' on input line 251.

<immagini/board_amp.png, id=626, 1927.2pt x 520.94624pt>
File: immagini/board_amp.png Graphic file (type png)
<use immagini/board_amp.png>
Package pdftex.def Info: immagini/board_amp.png  used on input line 262.
(pdftex.def)             Requested size: 390.0pt x 105.4195pt.
[34 <./immagini/board_amp.png>]

LaTeX Warning: Reference `sec:filtraggio' on page 35 undefined on input line 329.

<immagini/board_led.png, id=638, 2358.8125pt x 896.34875pt>
File: immagini/board_led.png Graphic file (type png)
<use immagini/board_led.png>
Package pdftex.def Info: immagini/board_led.png  used on input line 333.
(pdftex.def)             Requested size: 390.0pt x 148.19206pt.
[35] [36 <./immagini/board_led.png>]
<immagini/board_bottone.png, id=659, 750.805pt x 729.72626pt>
File: immagini/board_bottone.png Graphic file (type png)
<use immagini/board_bottone.png>
Package pdftex.def Info: immagini/board_bottone.png  used on input line 389.
(pdftex.def)             Requested size: 136.50238pt x 132.67009pt.
Package textcomp Info: Symbol \texttwosuperior not provided by
(textcomp)             font family ntxtlf in TS1 encoding.
(textcomp)             Default family used instead on input line 404.
<immagini/board_completa.png, id=661, 2248.4pt x 1386.17876pt>
File: immagini/board_completa.png Graphic file (type png)
<use immagini/board_completa.png>
Package pdftex.def Info: immagini/board_completa.png  used on input line 415.
(pdftex.def)             Requested size: 390.0pt x 240.42747pt.
Package textcomp Info: Symbol \texttwosuperior not provided by
(textcomp)             font family ntxtlf in TS1 encoding.
(textcomp)             Default family used instead on input line 416.
Package textcomp Info: Symbol \texttwosuperior not provided by
(textcomp)             font family ntxtlf in TS1 encoding.
(textcomp)             Default family used instead on input line 416.
 [37 <./immagini/board_bottone.png>]
Underfull \hbox (badness 10000) in paragraph at lines 423--431

 []

<immagini/pcb_completo.png, id=672, 2339.74126pt x 1680.2775pt>
File: immagini/pcb_completo.png Graphic file (type png)
<use immagini/pcb_completo.png>
Package pdftex.def Info: immagini/pcb_completo.png  used on input line 434.
(pdftex.def)             Requested size: 272.99881pt x 196.03531pt.
) [38 <./immagini/board_completa.png>] [39 <./immagini/pcb_completo.png>]
\openout2 = `capitoli/implementazione_software.aux'.

 (./capitoli/implementazione_software.tex
Capitolo 5.

Underfull \hbox (badness 10000) in paragraph at lines 12--16

 []


Underfull \hbox (badness 10000) in paragraph at lines 17--20

 []

[40




]
\openout3 = `main.pyg'.

 (./_minted-main/default.pygstyle) (./_minted-main/EE35188EC8EFC08D06A85481EB6B4E0D8EF27FAE920C65D7B903E741E9673588.pygtex
LaTeX Font Info:    Font shape `T1/ntxtlf/m/n' will be
(Font)              scaled to size 6.0pt on input line 2.
LaTeX Font Info:    Font shape `T1/ntxtt/m/n' will be
(Font)              scaled to size 6.0pt on input line 7.
)
\openout3 = `main.pyg'.

 (./_minted-main/6BC43FD3B897F903D80386E9E300878A8EF27FAE920C65D7B903E741E9673588.pygtex)
\openout3 = `main.pyg'.

 (./_minted-main/3EAD47CCCF909C1731717A578DA99AD68EF27FAE920C65D7B903E741E9673588.pygtex [41])
Underfull \hbox (badness 10000) in paragraph at lines 77--83

 []

\openout3 = `main.pyg'.

(./_minted-main/71A35DDE3A5A4966E9DCE569B5BC6A2A8EF27FAE920C65D7B903E741E9673588.pygtex)
Underfull \hbox (badness 10000) in paragraph at lines 90--91

 []

\openout3 = `main.pyg'.

(./_minted-main/FFC276E490FAB8DBF0C570523E927AF78EF27FAE920C65D7B903E741E9673588.pygtex [42])
Underfull \hbox (badness 10000) in paragraph at lines 119--122

 []

\openout3 = `main.pyg'.

(./_minted-main/5D11F86A81F923011E39E686CA27BB428EF27FAE920C65D7B903E741E9673588.pygtex)
<immagini/swapping_array.png, id=701, 563.10374pt x 332.24126pt>
File: immagini/swapping_array.png Graphic file (type png)
<use immagini/swapping_array.png>
Package pdftex.def Info: immagini/swapping_array.png  used on input line 132.
(pdftex.def)             Requested size: 234.00238pt x 138.06511pt.
 [43]
Underfull \hbox (badness 10000) in paragraph at lines 138--142

 []

\openout3 = `main.pyg'.

(./_minted-main/E2C6A6216225A74B0838CFD48BD749EE8EF27FAE920C65D7B903E741E9673588.pygtex [44 <./immagini/swapping_array.png>])
\openout3 = `main.pyg'.

 (./_minted-main/16EDE740CD3443B1AB0311646190D37A8EF27FAE920C65D7B903E741E9673588.pygtex [45])
\openout3 = `main.pyg'.

 (./_minted-main/489A04B06CB523A5AFEABF7AE108EF028EF27FAE920C65D7B903E741E9673588.pygtex)
Underfull \hbox (badness 10000) in paragraph at lines 223--227

 []

\openout3 = `main.pyg'.

(./_minted-main/B72605C9DE4F09362FF9770813234A5A8EF27FAE920C65D7B903E741E9673588.pygtex
Overfull \hbox (25.7992pt too wide) in paragraph at lines 8--8
[]\T1/ntxtt/m/n/12 detected_freq.dynamic_amplitude_threshold[] 
 []

[46])
Underfull \hbox (badness 10000) in paragraph at lines 242--248

 []

[47]
\openout3 = `main.pyg'.

 (./_minted-main/D820F5871EADBC2EE3C0F4980B29E94D8EF27FAE920C65D7B903E741E9673588.pygtex)
\openout3 = `main.pyg'.

 (./_minted-main/0610A37068E52960D28D2161AD85EF358EF27FAE920C65D7B903E741E9673588.pygtex [48])
\openout3 = `main.pyg'.

 (./_minted-main/24A47466C92549D084183BAD20754AE18EF27FAE920C65D7B903E741E9673588.pygtex)
Underfull \hbox (badness 10000) in paragraph at lines 352--354

 []

[49]
\openout3 = `main.pyg'.

 (./_minted-main/DAF47B14902D5CA1CDF153B95F19DF508EF27FAE920C65D7B903E741E9673588.pygtex
Overfull \hbox (6.89923pt too wide) in paragraph at lines 6--6
[]\T1/ntxtt/m/n/12 no_new_bit_this_tick){|  
 []

)
Underfull \hbox (badness 10000) in paragraph at lines 389--395

 []

[50]
<immagini/run_length.png, id=748, 824.07875pt x 402.50375pt>
File: immagini/run_length.png Graphic file (type png)
<use immagini/run_length.png>
Package pdftex.def Info: immagini/run_length.png  used on input line 398.
(pdftex.def)             Requested size: 292.5pt x 142.86218pt.

Overfull \hbox (33.95616pt too wide) in paragraph at lines 403--405
[]\T1/ntxtlf/m/n/12 Nel se-guen-te fram-men-to è mo-stra-ta la par-te con-clu-si-va di \T1/ntxtlf/b/n/12 bit_output_packer_convert
 []

\openout3 = `main.pyg'.

(./_minted-main/53701E32903AD8C8A0F78650BB78C0A78EF27FAE920C65D7B903E741E9673588.pygtex) [51 <./immagini/run_length.png>]
\openout3 = `main.pyg'.

 (./_minted-main/390BB05AF51FEA83E7F50BF632EC3AFF8EF27FAE920C65D7B903E741E9673588.pygtex)) [52] [53]
\openout2 = `capitoli/sperimentazione.aux'.


No file capitoli/sperimentazione.tex.
\openout2 = `capitoli/discussione.aux'.

No file capitoli/discussione.tex.
\openout2 = `capitoli/conclusioni.aux'.

No file capitoli/conclusioni.tex.
(./main.lof
Overfull \hbox (35.67738pt too wide) in paragraph at lines 24--24
 [][] [][][]\T1/ntxtlf/m/n/12 Collegamento fi-si-co tra ESP32 e mi-cro-fo-no I$[]$S (Ada-fruit SPH0645LM4H) 
 []


Overfull \hbox (37.4774pt too wide) in paragraph at lines 25--25
 [][] [][][]\T1/ntxtlf/m/n/12 Collegamento fi-si-co tra ESP32 e am-pli-fi-ca-to-re I$[]$S (Ada-fruit MAX98357A) 
 []

[54











]
Package textcomp Info: Symbol \texttwosuperior not provided by
(textcomp)             font family ntxtlf in TS1 encoding.
(textcomp)             Default family used instead on input line 28.
)
\tf@lof=\write7
\openout7 = `main.lof'.

 (./main.lot
Overfull \hbox (13.17732pt too wide) in paragraph at lines 12--12
 [][] [][][]\T1/ntxtlf/m/n/12 Mappatura hard-ware dei pin I$[]$S tra ESP32 e mi-cro-fo-no SPH0645LM4H.[][] []  
 []


Overfull \hbox (14.97734pt too wide) in paragraph at lines 13--13
 [][] [][][]\T1/ntxtlf/m/n/12 Mappatura hard-ware dei pin I$[]$S tra ESP32 e am-pli-fi-ca-to-re MAX98357A.[][] []  
 []

)
\tf@lot=\write8
\openout8 = `main.lot'.

 [55]
\openout2 = `appendici/appendiceA.aux'.


No file appendici/appendiceA.tex.
\openout2 = `appendici/appendiceB.aux'.

No file appendici/appendiceB.tex.
(./main.bbl [56







]
Underfull \hbox (badness 7777) in paragraph at lines 74--76
[]\T1/ntxtlf/m/n/12 J. Smith and X. Ser-ra, ``Qua-dra-tic in-ter-po-la-tion of spec-tral
 []


Underfull \hbox (badness 7273) in paragraph at lines 74--76
\T1/ntxtlf/m/n/12 peaks.'' On-li-ne, CCR-MA, Stan-ford Uni-ver-si-ty, n.d.  Avai-la-
 []


Underfull \hbox (badness 10000) in paragraph at lines 74--76
\T1/ntxtlf/m/n/12 ble at [][]$\T1/ntxtt/m/n/12 https : / / ccrma . stanford . edu / ~jos / sasp / Quadratic _
 []

[57]
Underfull \hbox (badness 1953) in paragraph at lines 101--103
[]\T1/ntxtlf/m/n/12 D. Liu \T1/ntxtlf/m/it/12 et al.\T1/ntxtlf/m/n/12 , \T1/ntxtlf/m/it/12 Acou-stic MEMS: Mi-cro-pho-nes and Mi-cro-ma-chi-ned
 []

) [58] (./main.aux (./capitoli/introduzione.aux) (./capitoli/stato_arte.aux) (./capitoli/design_protocollo.aux) (./capitoli/requisiti.aux) (./capitoli/implementazione_hardware.aux) (./capitoli/implementazione_software.aux) (./capitoli/sperimentazione.aux) (./capitoli/discussione.aux) (./capitoli/conclusioni.aux) (./appendici/appendiceA.aux) (./appendici/appendiceB.aux))
 ***********
LaTeX2e <2023-11-01> patch level 1
L3 programming layer <2020/03/25>
 ***********


LaTeX Warning: There were undefined references.


LaTeX Warning: There were multiply-defined labels.

Package rerunfilecheck Info: File `main.out' has not changed.
(rerunfilecheck)             Checksum: BC1383E58CE5F4FB51FED5E684B44D2B;9225.
runsystem(rm main.pyg)...executed.

 ) 
Here is how much of TeX's memory you used:
 22792 strings out of 474222
 431765 string characters out of 5748733
 1941975 words of memory out of 5000000
 44351 multiletter control sequences out of 15000+600000
 641313 words of font info for 147 fonts, out of 8000000 for 9000
 1141 hyphenation exceptions out of 8191
 85i,18n,96p,733b,1393s stack positions out of 10000i,1000n,20000p,200000b,200000s
</usr/share/texlive/texmf-dist/fonts/type1/public/newtx/NewTXMI.pfb></usr/share/texlive/texmf-dist/fonts/type1/public/newtx/NewTXMI7.pfb></usr/share/texmf/fonts/type1/public/tex-gyre/qtmr.pfb></usr/share/texmf/fonts/type1/public/cm-super/sfrb1200.pfb></usr/share/texmf/fonts/type1/public/cm-super/sfrm1200.pfb></usr/share/texlive/texmf-dist/fonts/type1/public/txfonts/t1xbtt.pfb></usr/share/texlive/texmf-dist/fonts/type1/public/txfonts/t1xtt.pfb></usr/share/texlive/texmf-dist/fonts/type1/public/newtx/txexs.pfb></usr/share/texlive/texmf-dist/fonts/type1/public/newtx/txmiaX.pfb></usr/share/texlive/texmf-dist/fonts/type1/public/newtx/txsys.pfb></usr/share/texlive/texmf-dist/fonts/type1/public/newtx/ztmb.pfb></usr/share/texlive/texmf-dist/fonts/type1/public/newtx/ztmbi.pfb></usr/share/texlive/texmf-dist/fonts/type1/public/newtx/ztmr.pfb></usr/share/texlive/texmf-dist/fonts/type1/public/newtx/ztmri.pfb>
Output written on main.pdf (58 pages, 9846802 bytes).
PDF statistics:
 965 PDF objects out of 1000 (max. 8388607)
 817 compressed objects within 9 object streams
 232 named destinations out of 1000 (max. 500000)
 526 words of extra memory for PDF output out of 10000 (max. 10000000)

