\BOOKMARK [0][-]{chapter.1}{\376\377\000I\000n\000t\000r\000o\000d\000u\000z\000i\000o\000n\000e}{}% 1
\BOOKMARK [1][-]{section.1.1}{\376\377\000C\000o\000n\000t\000e\000s\000t\000o\000\040\000e\000\040\000l\000i\000m\000i\000t\000i\000\040\000d\000e\000l\000l\000e\000\040\000o\000n\000d\000e\000\040\000e\000l\000e\000t\000t\000r\000o\000m\000a\000g\000n\000e\000t\000i\000c\000h\000e}{chapter.1}% 2
\BOOKMARK [1][-]{section.1.2}{\376\377\000M\000o\000t\000i\000v\000a\000z\000i\000o\000n\000e\000\040\000d\000e\000l\000l\040\031\000a\000p\000p\000r\000o\000c\000c\000i\000o\000\040\000a\000c\000u\000s\000t\000i\000c\000o}{chapter.1}% 3
\BOOKMARK [1][-]{section.1.3}{\376\377\000R\000i\000c\000h\000i\000a\000m\000i\000\040\000t\000e\000o\000r\000i\000c\000i\000\040\000s\000u\000l\000l\000a\000\040\000p\000r\000o\000p\000a\000g\000a\000z\000i\000o\000n\000e\000\040\000a\000c\000u\000s\000t\000i\000c\000a}{chapter.1}% 4
\BOOKMARK [1][-]{section.1.4}{\376\377\000M\000o\000t\000i\000v\000a\000z\000i\000o\000n\000i\000\040\000s\000p\000e\000r\000i\000m\000e\000n\000t\000a\000l\000i\000\040\000e\000\040\000o\000b\000i\000e\000t\000t\000i\000v\000i\000\040\000d\000e\000l\000l\000a\000\040\000t\000e\000s\000i}{chapter.1}% 5
\BOOKMARK [1][-]{section.1.5}{\376\377\000C\000o\000n\000t\000r\000i\000b\000u\000t\000i\000\040\000a\000t\000t\000e\000s\000i}{chapter.1}% 6
\BOOKMARK [0][-]{chapter.2}{\376\377\000S\000t\000a\000t\000o\000\040\000d\000e\000l\000l\000'\000A\000r\000t\000e}{}% 7
\BOOKMARK [1][-]{section.2.1}{\376\377\000T\000e\000c\000n\000o\000l\000o\000g\000i\000e\000\040\000I\000o\000T}{chapter.2}% 8
\BOOKMARK [1][-]{section.2.2}{\376\377\000C\000o\000m\000u\000n\000i\000c\000a\000z\000i\000o\000n\000e\000\040\000i\000n\000\040\000a\000m\000b\000i\000e\000n\000t\000i\000\040\000s\000o\000t\000t\000e\000r\000r\000a\000n\000e\000i}{chapter.2}% 9
\BOOKMARK [2][-]{subsection.2.2.1}{\376\377\000R\000a\000d\000i\000o\000\040\000f\000r\000e\000q\000u\000e\000n\000z\000e}{section.2.2}% 10
\BOOKMARK [2][-]{subsection.2.2.2}{\376\377\000O\000n\000d\000e\000\040\000a\000c\000u\000s\000t\000i\000c\000h\000e}{section.2.2}% 11
\BOOKMARK [1][-]{section.2.3}{\376\377\000A\000p\000p\000l\000i\000c\000a\000z\000i\000o\000n\000e\000\040\000d\000e\000l\000l\000a\000\040\000l\000e\000t\000t\000e\000r\000a\000t\000u\000r\000a\000\040\000a\000l\000l\000a\000\040\000t\000e\000s\000i}{chapter.2}% 12
\BOOKMARK [0][-]{chapter.3}{\376\377\000D\000e\000s\000i\000g\000n\000\040\000d\000e\000l\000\040\000P\000r\000o\000t\000o\000c\000o\000l\000l\000o}{}% 13
\BOOKMARK [1][-]{section.3.1}{\376\377\000A\000r\000c\000h\000i\000t\000e\000t\000t\000u\000r\000a\000\040\000g\000e\000n\000e\000r\000a\000l\000e\000\040\000d\000e\000l\000\040\000s\000i\000s\000t\000e\000m\000a}{chapter.3}% 14
\BOOKMARK [1][-]{section.3.2}{\376\377\000L\000i\000v\000e\000l\000l\000o\000\040\000F\000i\000s\000i\000c\000o}{chapter.3}% 15
\BOOKMARK [2][-]{subsection.3.2.1}{\376\377\000I\000n\000g\000r\000e\000s\000s\000o}{section.3.2}% 16
\BOOKMARK [2][-]{subsection.3.2.2}{\376\377\000U\000s\000c\000i\000t\000a}{section.3.2}% 17
\BOOKMARK [1][-]{section.3.3}{\376\377\000L\000i\000v\000e\000l\000l\000o\000\040\000B\000i\000t}{chapter.3}% 18
\BOOKMARK [2][-]{subsection.3.3.1}{\376\377\000D\000e\000c\000o\000d\000i\000f\000i\000c\000a}{section.3.3}% 19
\BOOKMARK [2][-]{subsection.3.3.2}{\376\377\000C\000o\000d\000i\000f\000i\000c\000a}{section.3.3}% 20
\BOOKMARK [1][-]{section.3.4}{\376\377\000L\000i\000v\000e\000l\000l\000o\000\040\000L\000i\000n\000k}{chapter.3}% 21
\BOOKMARK [2][-]{subsection.3.4.1}{\376\377\000P\000r\000o\000c\000e\000d\000u\000r\000a\000\040\000d\000i\000\040\000r\000e\000g\000i\000s\000t\000r\000a\000z\000i\000o\000n\000e}{section.3.4}% 22
\BOOKMARK [2][-]{subsection.3.4.2}{\376\377\000I\000n\000d\000i\000r\000i\000z\000z\000a\000m\000e\000n\000t\000o\000\040\000e\000\040\000i\000n\000s\000t\000r\000a\000d\000a\000m\000e\000n\000t\000o}{section.3.4}% 23
\BOOKMARK [2][-]{subsection.3.4.3}{\376\377\000G\000e\000s\000t\000i\000o\000n\000e\000\040\000d\000e\000i\000\040\000T\000o\000k\000e\000n\000\040\000\050\000T\000K\000N\000\051}{section.3.4}% 24
\BOOKMARK [2][-]{subsection.3.4.4}{\376\377\000C\000o\000m\000a\000n\000d\000i\000\040\000d\000i\000\040\000c\000o\000n\000t\000r\000o\000l\000l\000o\000\040\000e\000\040\000d\000i\000\040\000r\000e\000t\000e}{section.3.4}% 25
\BOOKMARK [2][-]{subsection.3.4.5}{\376\377\000I\000n\000d\000i\000r\000i\000z\000z\000i\000\040\000d\000i\000\040\000r\000e\000t\000e}{section.3.4}% 26
\BOOKMARK [1][-]{section.3.5}{\376\377\000L\000i\000v\000e\000l\000l\000o\000\040\000A\000p\000p\000l\000i\000c\000a\000z\000i\000o\000n\000e}{chapter.3}% 27
\BOOKMARK [0][-]{chapter.4}{\376\377\000I\000m\000p\000l\000e\000m\000e\000n\000t\000a\000z\000i\000o\000n\000e\000\040\000H\000a\000r\000d\000w\000a\000r\000e}{}% 28
\BOOKMARK [1][-]{section.4.1}{\376\377\000T\000e\000c\000n\000o\000l\000o\000g\000i\000e\000\040\000d\000i\000\040\000b\000a\000s\000e}{chapter.4}% 29
\BOOKMARK [2][-]{subsection.4.1.1}{\376\377\000P\000a\000n\000o\000r\000a\000m\000i\000c\000a\000\040\000d\000e\000l\000l\040\031\000E\000S\000P\0003\0002}{section.4.1}% 30
\BOOKMARK [2][-]{subsection.4.1.2}{\376\377\000P\000e\000r\000i\000f\000e\000r\000i\000c\000h\000e\000\040\000d\000i\000\040\000I\000n\000p\000u\000t\000/\000O\000u\000t\000p\000u\000t}{section.4.1}% 31
\BOOKMARK [1][-]{section.4.2}{\376\377\000P\000r\000o\000g\000e\000t\000t\000a\000z\000i\000o\000n\000e\000\040\000d\000i\000g\000i\000t\000a\000l\000e}{chapter.4}% 32
\BOOKMARK [2][-]{subsection.4.2.1}{\376\377\000C\000o\000l\000l\000e\000g\000a\000m\000e\000n\000t\000o\000\040\000d\000e\000l\000\040\000m\000i\000c\000r\000o\000f\000o\000n\000o\000\040\000d\000i\000g\000i\000t\000a\000l\000e\000\040\000I\0002\000S}{section.4.2}% 33
\BOOKMARK [2][-]{subsection.4.2.2}{\376\377\000C\000o\000l\000l\000e\000g\000a\000m\000e\000n\000t\000o\000\040\000d\000e\000l\000l\040\031\000a\000m\000p\000l\000i\000f\000i\000c\000a\000t\000o\000r\000e\000\040\000d\000i\000g\000i\000t\000a\000l\000e\000\040\000I\0002\000S}{section.4.2}% 34
\BOOKMARK [2][-]{subsection.4.2.3}{\376\377\000S\000i\000s\000t\000e\000m\000a\000\040\000d\000i\000\040\000s\000e\000g\000n\000a\000l\000a\000z\000i\000o\000n\000e\000\040\000L\000E\000D}{section.4.2}% 35
\BOOKMARK [2][-]{subsection.4.2.4}{\376\377\000B\000o\000t\000t\000o\000n\000e\000\040\000d\000i\000\040\000H\000o\000t\000s\000p\000o\000t}{section.4.2}% 36
\BOOKMARK [2][-]{subsection.4.2.5}{\376\377\000C\000i\000r\000c\000u\000i\000t\000o\000\040\000c\000o\000m\000p\000l\000e\000t\000o}{section.4.2}% 37
\BOOKMARK [2][-]{subsection.4.2.6}{\376\377\000R\000e\000a\000l\000i\000z\000z\000a\000z\000i\000o\000n\000e\000\040\000d\000e\000l\000\040\000P\000C\000B}{section.4.2}% 38
\BOOKMARK [0][-]{chapter.5}{\376\377\000I\000m\000p\000l\000e\000m\000e\000n\000t\000a\000z\000i\000o\000n\000e\000\040\000S\000o\000f\000t\000w\000a\000r\000e\000:\000\040\000D\000e\000s\000i\000g\000n\000\040\000d\000e\000l\000\040\000P\000r\000o\000t\000o\000c\000o\000l\000l\000o}{}% 39
\BOOKMARK [1][-]{section.5.1}{\376\377\000A\000r\000c\000h\000i\000t\000e\000t\000t\000u\000r\000a\000\040\000g\000e\000n\000e\000r\000a\000l\000e\000\040\000d\000e\000l\000\040\000s\000i\000s\000t\000e\000m\000a}{chapter.5}% 40
\BOOKMARK [1][-]{section.5.2}{\376\377\000E\000m\000i\000s\000s\000i\000o\000n\000e\000\040\000d\000e\000i\000\040\000t\000o\000n\000i}{chapter.5}% 41
\BOOKMARK [1][-]{section.5.3}{\376\377\000C\000a\000m\000p\000i\000o\000n\000a\000m\000e\000n\000t\000o\000\040\000e\000\040\000b\000u\000f\000f\000e\000r\000i\000z\000z\000a\000z\000i\000o\000n\000e}{chapter.5}% 42
\BOOKMARK [1][-]{section.5.4}{\376\377\000T\000r\000a\000s\000f\000o\000r\000m\000a\000t\000a\000\040\000v\000e\000l\000o\000c\000e\000\040\000d\000i\000\040\000F\000o\000u\000r\000i\000e\000r}{chapter.5}% 43
\BOOKMARK [1][-]{section.5.5}{\376\377\000D\000e\000c\000o\000d\000i\000f\000i\000c\000a\000\040\000s\000p\000e\000t\000t\000r\000a\000l\000e}{chapter.5}% 44
\BOOKMARK [1][-]{section.5.6}{\376\377\000T\000r\000a\000d\000u\000z\000i\000o\000n\000e\000\040\000f\000r\000e\000q\000u\000e\000n\000z\000a\000-\000b\000i\000t}{chapter.5}% 45
\BOOKMARK [1][-]{section.5.7}{\376\377\000R\000i\000c\000e\000v\000i\000m\000e\000n\000t\000o\000\040\000e\000\040\000t\000r\000a\000s\000m\000i\000s\000s\000i\000o\000n\000e\000\040\000d\000e\000i\000\040\000b\000i\000t\000\040\000\050\000P\000a\000c\000k\000e\000r\000s\000\051}{chapter.5}% 46
\BOOKMARK [2][-]{subsection.5.7.1}{\376\377\000R\000i\000c\000e\000z\000i\000o\000n\000e\000\040\000d\000e\000i\000\040\000b\000i\000t}{section.5.7}% 47
\BOOKMARK [2][-]{subsection.5.7.2}{\376\377\000T\000r\000a\000s\000m\000i\000s\000s\000i\000o\000n\000e\000\040\000d\000e\000i\000\040\000b\000i\000t}{section.5.7}% 48
\BOOKMARK [1][-]{section.5.8}{\376\377\000I\000n\000s\000t\000r\000a\000d\000a\000m\000e\000n\000t\000o\000\040\000e\000\040\000p\000r\000o\000t\000o\000c\000o\000l\000l\000o}{chapter.5}% 49
\BOOKMARK [1][-]{section.5.9}{\376\377\000S\000e\000n\000s\000o\000r\000e\000\040\000d\000i\000\040\000m\000o\000v\000i\000m\000e\000n\000t\000o}{chapter.5}% 50
\BOOKMARK [0][-]{chapter.6}{\376\377\000S\000p\000e\000r\000i\000m\000e\000n\000t\000a\000z\000i\000o\000n\000e\000\040\000d\000e\000l\000\040\000P\000r\000o\000t\000o\000c\000o\000l\000l\000o}{}% 51
\BOOKMARK [0][-]{chapter.7}{\376\377\000S\000p\000e\000r\000i\000m\000e\000n\000t\000a\000z\000i\000o\000n\000e\000\040\000d\000e\000l\000l\000a\000\040\000p\000r\000o\000p\000a\000g\000a\000z\000i\000o\000n\000e\000\040\000d\000e\000l\000\040\000s\000u\000o\000n\000o}{}% 52
\BOOKMARK [0][-]{chapter.8}{\376\377\000S\000v\000i\000l\000u\000p\000p\000i\000\040\000f\000u\000t\000u\000r\000i}{}% 53
\BOOKMARK [1][-]{section.8.1}{\376\377\000E\000v\000o\000l\000u\000z\000i\000o\000n\000e\000\040\000d\000e\000g\000l\000i\000\040\000s\000c\000e\000n\000a\000r\000i\000\040\000a\000p\000p\000l\000i\000c\000a\000t\000i\000v\000i}{chapter.8}% 54
\BOOKMARK [1][-]{section.8.2}{\376\377\000R\000e\000v\000i\000s\000i\000o\000n\000e\000\040\000d\000e\000l\000\040\000f\000o\000r\000m\000a\000t\000o\000\040\000d\000i\000\040\000p\000a\000c\000c\000h\000e\000t\000t\000o}{chapter.8}% 55
\BOOKMARK [1][-]{section.8.3}{\376\377\000S\000e\000n\000s\000o\000r\000i\000s\000t\000i\000c\000a\000\040\000a\000v\000a\000n\000z\000a\000t\000a}{chapter.8}% 56
\BOOKMARK [1][-]{section.8.4}{\376\377\000R\000i\000d\000u\000z\000i\000o\000n\000e\000\040\000d\000e\000i\000\040\000t\000e\000m\000p\000i\000\040\000d\000i\000\040\000s\000e\000g\000n\000a\000l\000a\000z\000i\000o\000n\000e}{chapter.8}% 57
\BOOKMARK [0][-]{chapter.9}{\376\377\000C\000o\000n\000c\000l\000u\000s\000i\000o\000n\000i}{}% 58
\BOOKMARK [0][-]{appendix.Alph1}{\376\377\000R\000e\000p\000o\000s\000i\000t\000o\000r\000y\000\040\000d\000e\000l\000\040\000c\000o\000d\000i\000c\000e\000\040\000e\000\040\000r\000i\000s\000o\000r\000s\000e\000\040\000m\000u\000l\000t\000i\000m\000e\000d\000i\000a\000l\000i}{}% 59
